yarn run v1.22.21
warning ../package.json: No license field
$ /Users/brianbeckerle/Code/eigen/node_modules/.bin/tsc --noEmit --project .
src/app/Components/__tests__/RetryErrorBoundary.tests.tsx(16,10): error TS2786: 'RetryErrorBoundary' cannot be used as a JSX component.
  Its type 'typeof RetryErrorBoundary' is not a valid JSX element type.
    Types of construct signatures are incompatible.
      Type 'new (props: RetryErrorBoundaryProps) => RetryErrorBoundary' is not assignable to type 'new (props: any) => Component<any, any, any>'.
        Construct signature return types 'RetryErrorBoundary' and 'Component<any, any, any>' are incompatible.
          The types returned by 'render()' are incompatible between these types.
            Type 'string | number | bigint | boolean | Element | Iterable<ReactNode> | Promise<ReactNode> | null | undefined' is not assignable to type 'ReactNode'.
              Type 'Promise<ReactNode>' is not assignable to type 'ReactNode'.
                Type 'Promise<ReactNode>' is not assignable to type 'Promise<AwaitedReactNode>'.
                  Type 'ReactNode' is not assignable to type 'AwaitedReactNode'.
                    Type 'Promise<AwaitedReactNode>' is not assignable to type 'AwaitedReactNode'.
src/app/Components/__tests__/RetryErrorBoundary.tests.tsx(42,10): error TS2786: 'RetryErrorBoundary' cannot be used as a JSX component.
  Its type 'typeof RetryErrorBoundary' is not a valid JSX element type.
    Types of construct signatures are incompatible.
      Type 'new (props: RetryErrorBoundaryProps) => RetryErrorBoundary' is not assignable to type 'new (props: any) => Component<any, any, any>'.
        Construct signature return types 'RetryErrorBoundary' and 'Component<any, any, any>' are incompatible.
          The types returned by 'render()' are incompatible between these types.
            Type 'string | number | bigint | boolean | Element | Iterable<ReactNode> | Promise<ReactNode> | null | undefined' is not assignable to type 'ReactNode'.
              Type 'Promise<ReactNode>' is not assignable to type 'ReactNode'.
                Type 'Promise<ReactNode>' is not assignable to type 'Promise<AwaitedReactNode>'.
                  Type 'ReactNode' is not assignable to type 'AwaitedReactNode'.
                    Type 'Promise<AwaitedReactNode>' is not assignable to type 'AwaitedReactNode'.
src/app/Components/__tests__/ShowCard.tests.tsx(27,13): error TS2741: Property 'isFluid' is missing in type '{ show: { readonly " $fragmentSpreads": FragmentRefs<"ShowCard_show">; }; onPress: Mock<any, any, any>; }' but required in type 'MappedFragmentProps<Pick<Omit<ShowCardProps, "relay">, keyof ShowCardProps>>'.
src/app/Components/ArtworkFilter/Filters/MultiSelectOption.tsx(127,13): error TS2322: Type 'ComponentType<any> | ReactElement<unknown, string | JSXElementConstructor<any>> | null | undefined' is not assignable to type 'ReactNode'.
  Type 'ComponentClass<any, any>' is not assignable to type 'ReactNode'.
src/app/Components/ArtworkGrids/ArtworkGridItem.tsx(117,21): error TS2554: Expected 1 arguments, but got 0.
src/app/Components/ArtworkGrids/InfiniteScrollArtworksGrid.tsx(353,13): error TS2322: Type '{ hideIncreasedInterestSignal: boolean | undefined; hideCuratorsPickSignal: boolean | undefined; hideRegisterBySignal: boolean | undefined; hideViewFollowsLink: boolean; ... 27 more ...; key: string; } | { ...; }' is not assignable to type 'IntrinsicAttributes & MappedFragmentProps<Pick<Omit<ArtworkProps, "relay">, keyof ArtworkProps>> & { ...; } & MappedFragmentProps<...>'.
  Type '{ hideIncreasedInterestSignal: boolean | undefined; hideCuratorsPickSignal: boolean | undefined; hideRegisterBySignal: boolean | undefined; hideViewFollowsLink: boolean; hideCreateAlertOnArtworkPreview: boolean; ... 26 more ...; key: string; }' is not assignable to type 'IntrinsicAttributes & MappedFragmentProps<Pick<Omit<ArtworkProps, "relay">, keyof ArtworkProps>> & { ...; } & MappedFragmentProps<...>'.
    Property 'hideViewFollowsLink' does not exist on type 'IntrinsicAttributes & MappedFragmentProps<Pick<Omit<ArtworkProps, "relay">, keyof ArtworkProps>> & { ...; } & MappedFragmentProps<...>'.
src/app/Components/ArtworkGrids/MasonryArtworkGridItem.tsx(80,9): error TS2322: Type '{ artwork: Artwork; artworkMetaStyle: false | "" | ViewStyle | RegisteredStyle<ViewStyle> | RecursiveArray<Falsy | ViewStyle | RegisteredStyle<...>> | null; ... 12 more ...; hideSaleInfo?: boolean | undefined; }' is not assignable to type 'IntrinsicAttributes & MappedFragmentProps<Pick<Omit<ArtworkProps, "relay">, keyof ArtworkProps>> & { ...; }'.
  Property 'numColumns' does not exist on type 'IntrinsicAttributes & MappedFragmentProps<Pick<Omit<ArtworkProps, "relay">, keyof ArtworkProps>> & { ...; }'.
src/app/Components/ArtworkRail/ArtworkRailCardMeta.tsx(160,9): error TS2322: Type 'false | Element | ComponentType<any>' is not assignable to type 'ReactNode'.
  Type 'ComponentClass<any, any>' is not assignable to type 'ReactNode'.
src/app/Components/Bidding/Screens/Registration.tsx(568,12): error TS2739: Type '{ navigation: NativeStackNavigationProp<BiddingNavigationStackParams, "RegisterToBid", undefined>; route: RouteProp<BiddingNavigationStackParams, "RegisterToBid">; }' is missing the following properties from type 'MappedFragmentProps<Pick<Omit<RegistrationProps, "relay">, "children" | "navigation" | "route" | "id" | "hitSlop" | "needsOffscreenAlphaCompositing" | "onLayout" | ... 82 more ... | "sale">>': me, sale
src/app/Components/Bidding/Screens/Registration.tsx(568,38): error TS2698: Spread types may only be created from object types.
src/app/Components/BottomSheet/AutoHeightBottomSheet.tsx(17,24): error TS2322: Type 'ReactNode | ReactNode[] | FC<{ data?: any; }>' is not assignable to type 'ReactNode | ReactNode[]'.
  Type 'FC<{ data?: any; }>' is not assignable to type 'ReactNode | ReactNode[]'.
src/app/Components/BottomSheetInput.tsx(10,8): error TS7006: Parameter 'args' implicitly has an 'any' type.
src/app/Components/BottomSheetInput.tsx(18,8): error TS7006: Parameter 'args' implicitly has an 'any' type.
src/app/Components/Buttons/InfoButton.tsx(134,7): error TS2322: Type '(({ children }: { children: ReactElement<unknown, string | JSXElementConstructor<any>>; }) => Element) | undefined' is not assignable to type 'ComponentType<{ children?: ReactNode; }> | undefined'.
  Type '({ children }: { children: React.ReactElement; }) => JSX.Element' is not assignable to type 'ComponentType<{ children?: ReactNode; }> | undefined'.
    Type '({ children }: { children: React.ReactElement; }) => JSX.Element' is not assignable to type 'FunctionComponent<{ children?: ReactNode; }>'.
      Types of parameters '__0' and 'props' are incompatible.
        Type '{ children?: ReactNode; }' is not assignable to type '{ children: ReactElement<unknown, string | JSXElementConstructor<any>>; }'.
          Types of property 'children' are incompatible.
            Type 'ReactNode' is not assignable to type 'ReactElement<unknown, string | JSXElementConstructor<any>>'.
              Type 'undefined' is not assignable to type 'ReactElement<unknown, string | JSXElementConstructor<any>>'.
src/app/Components/Containers/Inbox.tsx(194,36): error TS2322: Type '{ readonly " $fragmentSpreads": FragmentRefs<"Inbox_me">; } | null | undefined' is not assignable to type '_FragmentRefs<"Inbox_me">'.
  Type 'undefined' is not assignable to type '_FragmentRefs<"Inbox_me">'.
src/app/Components/ContextMenu/ContextMenuArtworkPreviewCard.tsx(98,11): error TS2322: Type 'false | Element | ComponentType<any>' is not assignable to type 'ReactNode'.
  Type 'ComponentClass<any, any>' is not assignable to type 'ReactNode'.
src/app/Components/GlobalSearchInput/GlobalSearchInputOverlay.tsx(142,23): error TS2322: Type 'FC<SpinnerProps>' is not assignable to type 'ReactNode'.
src/app/Components/HeaderButton.tsx(67,9): error TS2322: Type 'ReactNode | SharedValue<ReactNode>' is not assignable to type 'ReactNode'.
  Type 'SharedValue<ReactNode>' is not assignable to type 'ReactNode'.
src/app/Components/Icons/ChevronIcon.tsx(4,42): error TS2694: Namespace 'React' has no exported member 'Props'.
src/app/Components/Icons/ChevronIcon.tsx(36,13): error TS2339: Property 'defaultProps' does not exist on type 'FC<ChevronIconProps>'.
src/app/Components/Input/Input.tsx(120,22): error TS2554: Expected 1 arguments, but got 0.
src/app/Components/LineGraph/LineGraphChart.tsx(290,12): error TS2769: No overload matches this call.
  Overload 1 of 2, '(props: EventMixinCommonProps): { state: {}; getEventState: (eventKey: string | number, namespace: string, childType?: string | undefined) => any; getScopedEvents: (events: any, namespace: any, childType: any, baseProps: any) => {}; ... 43 more ...; events: unknown; }', gave the following error.
    Type '{ dependentAxis: true; style: { axis: { stroke: string; strokeDasharray: number; }; ticks: { size: number; }; grid: { stroke: ({ tick }: { tick: number; }) => string; strokeDasharray: number; }; }; axisLabelComponent: Element; maxDomain: number; minDomain: number; tickFormat: (tick: number) => string; }' is not assignable to type 'IntrinsicAttributes & IntrinsicClassAttributes<{ state: {}; getEventState: (eventKey: string | number, namespace: string, childType?: string | undefined) => any; getScopedEvents: (events: any, namespace: any, childType: any, baseProps: any) => {}; ... 43 more ...; events: unknown; }> & Pick<...> & InexactPartial<......'.
      Property 'dependentAxis' does not exist on type 'IntrinsicAttributes & IntrinsicClassAttributes<{ state: {}; getEventState: (eventKey: string | number, namespace: string, childType?: string | undefined) => any; getScopedEvents: (events: any, namespace: any, childType: any, baseProps: any) => {}; ... 43 more ...; events: unknown; }> & Pick<...> & InexactPartial<......'.
  Overload 2 of 2, '(props: VictoryAxisProps): VictoryAxisBase', gave the following error.
    Type '({ tick }: { tick: number; }) => string' is not assignable to type 'StringOrNumberOrCallback | undefined'.
      Type '({ tick }: { tick: number; }) => string' is not assignable to type 'VictoryStringOrNumberCallback'.
        Types of parameters '__0' and 'args' are incompatible.
          Type 'CallbackArgs' is not assignable to type '{ tick: number; }'.
            Property 'tick' is optional in type 'CallbackArgs' but required in type '{ tick: number; }'.
src/app/Components/LineGraph/LineGraphChart.tsx(316,12): error TS2769: No overload matches this call.
  Overload 1 of 2, '(props: EventMixinCommonProps): { state: {}; getEventState: (eventKey: string | number, namespace: string, childType?: string | undefined) => any; getScopedEvents: (events: any, namespace: any, childType: any, baseProps: any) => {}; ... 43 more ...; events: unknown; }', gave the following error.
    Type '{ crossAxis: true; style: { axis: { stroke: string; strokeDasharray: number; }; ticks: { size: number; }; grid: { stroke: ({ tick }: { tick: number; }) => string; strokeDasharray: number; }; }; tickValues: number[]; axisLabelComponent: Element; maxDomain: number; minDomain: number; tickFormat: (tick: number) => stri...' is not assignable to type 'IntrinsicAttributes & IntrinsicClassAttributes<{ state: {}; getEventState: (eventKey: string | number, namespace: string, childType?: string | undefined) => any; getScopedEvents: (events: any, namespace: any, childType: any, baseProps: any) => {}; ... 43 more ...; events: unknown; }> & Pick<...> & InexactPartial<......'.
      Property 'crossAxis' does not exist on type 'IntrinsicAttributes & IntrinsicClassAttributes<{ state: {}; getEventState: (eventKey: string | number, namespace: string, childType?: string | undefined) => any; getScopedEvents: (events: any, namespace: any, childType: any, baseProps: any) => {}; ... 43 more ...; events: unknown; }> & Pick<...> & InexactPartial<......'.
  Overload 2 of 2, '(props: VictoryAxisProps): VictoryAxisBase', gave the following error.
    Type '({ tick }: { tick: number; }) => string' is not assignable to type 'StringOrNumberOrCallback | undefined'.
      Type '({ tick }: { tick: number; }) => string' is not assignable to type 'VictoryStringOrNumberCallback'.
        Types of parameters '__0' and 'args' are incompatible.
          Type 'CallbackArgs' is not assignable to type '{ tick: number; }'.
            Property 'tick' is optional in type 'CallbackArgs' but required in type '{ tick: number; }'.
src/app/Components/ParentAwareScrollView.tsx(52,7): error TS2571: Object is of type 'unknown'.
src/app/Components/ParentAwareScrollView.tsx(56,26): error TS2571: Object is of type 'unknown'.
src/app/Components/ParentAwareScrollView.tsx(64,7): error TS2571: Object is of type 'unknown'.
src/app/Components/ParentAwareScrollView.tsx(78,30): error TS2339: Property 'horizontal' does not exist on type '{}'.
src/app/Components/RetryErrorBoundary.tsx(53,3): error TS2416: Property 'render' in type 'RetryErrorBoundary' is not assignable to the same property in base type 'Component<RetryErrorBoundaryProps, RetryErrorBoundaryState, any>'.
  Type '() => string | number | bigint | boolean | Element | Iterable<ReactNode> | Promise<ReactNode> | null | undefined' is not assignable to type '() => ReactNode'.
    Type 'string | number | bigint | boolean | Element | Iterable<ReactNode> | Promise<ReactNode> | null | undefined' is not assignable to type 'ReactNode'.
      Type 'Promise<ReactNode>' is not assignable to type 'ReactNode'.
        Type 'Promise<ReactNode>' is not assignable to type 'Promise<AwaitedReactNode>'.
          Type 'ReactNode' is not assignable to type 'AwaitedReactNode'.
            Type 'Promise<AwaitedReactNode>' is not assignable to type 'AwaitedReactNode'.
src/app/Components/RetryErrorBoundary.tsx(109,6): error TS2786: 'RetryErrorBoundary' cannot be used as a JSX component.
  Its type 'typeof RetryErrorBoundary' is not a valid JSX element type.
    Types of construct signatures are incompatible.
      Type 'new (props: RetryErrorBoundaryProps) => RetryErrorBoundary' is not assignable to type 'new (props: any) => Component<any, any, any>'.
        Construct signature return types 'RetryErrorBoundary' and 'Component<any, any, any>' are incompatible.
          The types returned by 'render()' are incompatible between these types.
            Type 'string | number | bigint | boolean | Element | Iterable<ReactNode> | Promise<ReactNode> | null | undefined' is not assignable to type 'ReactNode'.
              Type 'Promise<ReactNode>' is not assignable to type 'ReactNode'.
                Type 'Promise<ReactNode>' is not assignable to type 'Promise<AwaitedReactNode>'.
                  Type 'ReactNode' is not assignable to type 'AwaitedReactNode'.
                    Type 'Promise<AwaitedReactNode>' is not assignable to type 'AwaitedReactNode'.
src/app/Navigation/AuthenticatedRoutes/FavoritesTab.tsx(8,7): error TS2322: Type 'ReactNode | Promise<ReactNode>' is not assignable to type 'ReactNode'.
  Type 'Promise<ReactNode>' is not assignable to type 'ReactNode'.
    Type 'Promise<ReactNode>' is not assignable to type 'Promise<AwaitedReactNode>'.
      Type 'ReactNode' is not assignable to type 'AwaitedReactNode'.
        Type 'Promise<AwaitedReactNode>' is not assignable to type 'AwaitedReactNode'.
src/app/Navigation/AuthenticatedRoutes/HomeTab.tsx(8,7): error TS2322: Type 'ReactNode | Promise<ReactNode>' is not assignable to type 'ReactNode'.
  Type 'Promise<ReactNode>' is not assignable to type 'ReactNode'.
    Type 'Promise<ReactNode>' is not assignable to type 'Promise<AwaitedReactNode>'.
      Type 'ReactNode' is not assignable to type 'AwaitedReactNode'.
        Type 'Promise<AwaitedReactNode>' is not assignable to type 'AwaitedReactNode'.
src/app/Navigation/AuthenticatedRoutes/InboxTab.tsx(8,7): error TS2322: Type 'ReactNode | Promise<ReactNode>' is not assignable to type 'ReactNode'.
  Type 'Promise<ReactNode>' is not assignable to type 'ReactNode'.
    Type 'Promise<ReactNode>' is not assignable to type 'Promise<AwaitedReactNode>'.
      Type 'ReactNode' is not assignable to type 'AwaitedReactNode'.
        Type 'Promise<AwaitedReactNode>' is not assignable to type 'AwaitedReactNode'.
src/app/Navigation/AuthenticatedRoutes/InboxTab.tsx(13,7): error TS2322: Type 'ReactNode | Promise<ReactNode>' is not assignable to type 'ReactNode'.
  Type 'Promise<ReactNode>' is not assignable to type 'ReactNode'.
    Type 'Promise<ReactNode>' is not assignable to type 'Promise<AwaitedReactNode>'.
      Type 'ReactNode' is not assignable to type 'AwaitedReactNode'.
        Type 'Promise<AwaitedReactNode>' is not assignable to type 'AwaitedReactNode'.
src/app/Navigation/AuthenticatedRoutes/modalRoutes.tsx(15,7): error TS2322: Type '(ReactNode | Promise<ReactNode>)[]' is not assignable to type 'ReactNode'.
  Type '(ReactNode | Promise<ReactNode>)[]' is not assignable to type 'Iterable<ReactNode>'.
    The types returned by '[Symbol.iterator]().next(...)' are incompatible between these types.
      Type 'IteratorResult<ReactNode | Promise<ReactNode>, undefined>' is not assignable to type 'IteratorResult<ReactNode, any>'.
        Type 'IteratorYieldResult<ReactNode | Promise<ReactNode>>' is not assignable to type 'IteratorResult<ReactNode, any>'.
          Type 'IteratorYieldResult<ReactNode | Promise<ReactNode>>' is not assignable to type 'IteratorYieldResult<ReactNode>'.
            Type 'ReactNode | Promise<ReactNode>' is not assignable to type 'ReactNode'.
              Type 'Promise<ReactNode>' is not assignable to type 'ReactNode'.
                Type 'Promise<ReactNode>' is not assignable to type 'Promise<AwaitedReactNode>'.
                  Type 'ReactNode' is not assignable to type 'AwaitedReactNode'.
                    Type 'Promise<AwaitedReactNode>' is not assignable to type 'AwaitedReactNode'.
src/app/Navigation/AuthenticatedRoutes/ProfileTab.tsx(8,7): error TS2322: Type 'ReactNode | Promise<ReactNode>' is not assignable to type 'ReactNode'.
  Type 'Promise<ReactNode>' is not assignable to type 'ReactNode'.
    Type 'Promise<ReactNode>' is not assignable to type 'Promise<AwaitedReactNode>'.
      Type 'ReactNode' is not assignable to type 'AwaitedReactNode'.
        Type 'Promise<AwaitedReactNode>' is not assignable to type 'AwaitedReactNode'.
src/app/Navigation/AuthenticatedRoutes/ProfileTab.tsx(12,7): error TS2322: Type 'ReactNode | Promise<ReactNode>' is not assignable to type 'ReactNode'.
  Type 'Promise<ReactNode>' is not assignable to type 'ReactNode'.
    Type 'Promise<ReactNode>' is not assignable to type 'Promise<AwaitedReactNode>'.
      Type 'ReactNode' is not assignable to type 'AwaitedReactNode'.
        Type 'Promise<AwaitedReactNode>' is not assignable to type 'AwaitedReactNode'.
src/app/Navigation/AuthenticatedRoutes/ScreenWrapper.tsx(51,8): error TS2786: 'RetryErrorBoundary' cannot be used as a JSX component.
  Its type 'typeof RetryErrorBoundary' is not a valid JSX element type.
    Types of construct signatures are incompatible.
      Type 'new (props: RetryErrorBoundaryProps) => RetryErrorBoundary' is not assignable to type 'new (props: any) => Component<any, any, any>'.
        Construct signature return types 'RetryErrorBoundary' and 'Component<any, any, any>' are incompatible.
          The types returned by 'render()' are incompatible between these types.
            Type 'string | number | bigint | boolean | Element | Iterable<ReactNode> | Promise<ReactNode> | null | undefined' is not assignable to type 'ReactNode'.
              Type 'Promise<ReactNode>' is not assignable to type 'ReactNode'.
                Type 'Promise<ReactNode>' is not assignable to type 'Promise<AwaitedReactNode>'.
                  Type 'ReactNode' is not assignable to type 'AwaitedReactNode'.
                    Type 'Promise<AwaitedReactNode>' is not assignable to type 'AwaitedReactNode'.
src/app/Navigation/AuthenticatedRoutes/SearchTab.tsx(8,7): error TS2322: Type 'ReactNode | Promise<ReactNode>' is not assignable to type 'ReactNode'.
  Type 'Promise<ReactNode>' is not assignable to type 'ReactNode'.
    Type 'Promise<ReactNode>' is not assignable to type 'Promise<AwaitedReactNode>'.
      Type 'ReactNode' is not assignable to type 'AwaitedReactNode'.
        Type 'Promise<AwaitedReactNode>' is not assignable to type 'AwaitedReactNode'.
src/app/Navigation/AuthenticatedRoutes/sharedRoutes.tsx(17,7): error TS2322: Type '(ReactNode | Promise<ReactNode>)[]' is not assignable to type 'ReactNode'.
  Type '(ReactNode | Promise<ReactNode>)[]' is not assignable to type 'Iterable<ReactNode>'.
    The types returned by '[Symbol.iterator]().next(...)' are incompatible between these types.
      Type 'IteratorResult<ReactNode | Promise<ReactNode>, undefined>' is not assignable to type 'IteratorResult<ReactNode, any>'.
        Type 'IteratorYieldResult<ReactNode | Promise<ReactNode>>' is not assignable to type 'IteratorResult<ReactNode, any>'.
          Type 'IteratorYieldResult<ReactNode | Promise<ReactNode>>' is not assignable to type 'IteratorYieldResult<ReactNode>'.
            Type 'ReactNode | Promise<ReactNode>' is not assignable to type 'ReactNode'.
              Type 'Promise<ReactNode>' is not assignable to type 'ReactNode'.
                Type 'Promise<ReactNode>' is not assignable to type 'Promise<AwaitedReactNode>'.
                  Type 'ReactNode' is not assignable to type 'AwaitedReactNode'.
                    Type 'Promise<AwaitedReactNode>' is not assignable to type 'AwaitedReactNode'.
src/app/Navigation/AuthenticatedRoutes/Tabs.tsx(67,6): error TS7006: Parameter 'e' implicitly has an 'any' type.
src/app/Scenes/Activity/ActivityEmptyView.tsx(73,59): error TS2322: Type 'ReactElement<unknown, string | JSXElementConstructor<any>> | undefined' is not assignable to type 'ReactElement<RefreshControlProps, string | JSXElementConstructor<any>> | undefined'.
  Type 'ReactElement<unknown, string | JSXElementConstructor<any>>' is not assignable to type 'ReactElement<RefreshControlProps, string | JSXElementConstructor<any>>'.
    Type 'unknown' is not assignable to type 'RefreshControlProps'.
src/app/Scenes/Artwork/Components/CommercialButtons/__tests__/CollapsibleArtworkDetails.tests.tsx(9,77): error TS2322: Type '{ readonly " $fragmentSpreads": FragmentRefs<"CollapsibleArtworkDetails_artwork">; } | null | undefined' is not assignable to type '_FragmentRefs<"CollapsibleArtworkDetails_artwork">'.
  Type 'undefined' is not assignable to type '_FragmentRefs<"CollapsibleArtworkDetails_artwork">'.
src/app/Scenes/Artwork/Components/CommercialButtons/__tests__/InquiryModal.tests.tsx(26,41): error TS2322: Type '{ state: Reducer<ArtworkInquiryContextState, ArtworkInquiryActions>; dispatch: React.ActionDispatch<React.AnyActionArg>; }' is not assignable to type 'ArtworkInquiryContextProps'.
  Types of property 'state' are incompatible.
    Type 'Reducer<ArtworkInquiryContextState, ArtworkInquiryActions>' is not assignable to type 'ArtworkInquiryContextState'.
src/app/Scenes/Artwork/Components/CommercialButtons/__tests__/InquiryModal.tests.tsx(188,40): error TS2558: Expected 2 type arguments, but got 1.
src/app/Scenes/Artwork/Components/ImageCarousel/ImageCarouselContext.tsx(78,31): error TS2554: Expected 1 arguments, but got 0.
src/app/Scenes/Artwork/Components/ImageCarousel/useSpringValue.ts(20,16): error TS2554: Expected 1 arguments, but got 0.
src/app/Scenes/Artwork/Components/ImageCarousel/useSpringValue.ts(31,7): error TS2322: Type 'undefined' is not assignable to type 'CompositeAnimation'.
src/app/Scenes/Favorites/Components/FollowedArtists.tsx(76,13): error TS2322: Type '{ readonly id: string; readonly internalID: string; readonly slug: string; readonly " $fragmentSpreads": FragmentRefs<"ArtistListItem_artist">; } | null | undefined' is not assignable to type '_FragmentRefs<"ArtistListItem_artist">'.
  Type 'undefined' is not assignable to type '_FragmentRefs<"ArtistListItem_artist">'.
src/app/Scenes/Favorites/Favorites.tsx(169,13): error TS2322: Type 'FC<MaterialTopTabBarProps>' is not assignable to type '(props: MaterialTopTabBarProps) => ReactNode'.
  Type 'ReactNode | Promise<ReactNode>' is not assignable to type 'ReactNode'.
    Type 'Promise<ReactNode>' is not assignable to type 'ReactNode'.
      Type 'Promise<ReactNode>' is not assignable to type 'Promise<AwaitedReactNode>'.
        Type 'ReactNode' is not assignable to type 'AwaitedReactNode'.
          Type 'Promise<AwaitedReactNode>' is not assignable to type 'AwaitedReactNode'.
src/app/Scenes/HomeView/Components/ArtistRails/ArtistRail.tsx(36,19): error TS2554: Expected 1 arguments, but got 0.
src/app/Scenes/HomeView/Components/ArtistRails/RecommendedArtistsRail.tsx(42,19): error TS2554: Expected 1 arguments, but got 0.
src/app/Scenes/HomeView/Components/HomeViewSectionSentinel.tsx(26,6): error TS7006: Parameter 'visible' implicitly has an 'any' type.
src/app/Scenes/HomeView/Components/ShowsRail.tsx(54,10): error TS2741: Property 'isFluid' is missing in type '{ show: any; onPress: () => void; }' but required in type 'MappedFragmentProps<Pick<Omit<ShowCardProps, "relay">, keyof ShowCardProps>>'.
src/app/Scenes/HomeView/HomeView.tsx(266,8): error TS2786: 'RetryErrorBoundary' cannot be used as a JSX component.
  Its type 'typeof RetryErrorBoundary' is not a valid JSX element type.
    Types of construct signatures are incompatible.
      Type 'new (props: RetryErrorBoundaryProps) => RetryErrorBoundary' is not assignable to type 'new (props: any) => Component<any, any, any>'.
        Construct signature return types 'RetryErrorBoundary' and 'Component<any, any, any>' are incompatible.
          The types returned by 'render()' are incompatible between these types.
            Type 'string | number | bigint | boolean | Element | Iterable<ReactNode> | Promise<ReactNode> | null | undefined' is not assignable to type 'ReactNode'.
              Type 'Promise<ReactNode>' is not assignable to type 'ReactNode'.
                Type 'Promise<ReactNode>' is not assignable to type 'Promise<AwaitedReactNode>'.
                  Type 'ReactNode' is not assignable to type 'AwaitedReactNode'.
                    Type 'Promise<AwaitedReactNode>' is not assignable to type 'AwaitedReactNode'.
src/app/Scenes/HomeView/Sections/HomeViewSectionSales.tsx(47,19): error TS2554: Expected 1 arguments, but got 0.
src/app/Scenes/Inbox/Components/Conversations/Composer.tsx(122,21): error TS2322: Type '(input: TextInput | null) => TextInput | null' is not assignable to type 'Ref<TextInput> | undefined'.
  Type '(input: TextInput | null) => TextInput | null' is not assignable to type '(instance: TextInput | null) => void | (() => VoidOrUndefinedOnly)'.
    Type 'TextInput | null' is not assignable to type 'void | (() => VoidOrUndefinedOnly)'.
      Type 'null' is not assignable to type 'void | (() => VoidOrUndefinedOnly)'.
src/app/Scenes/Inbox/Components/Conversations/Message.tsx(115,20): error TS2322: Type '{ children: Element; onPress: (url: string) => Promise<void>; linkStyle: { color: string; textDecorationLine: "underline"; }; }' is not assignable to type 'IntrinsicAttributes & IntrinsicClassAttributes<HyperLink> & Readonly<Props>'.
  Property 'children' does not exist on type 'IntrinsicAttributes & IntrinsicClassAttributes<HyperLink> & Readonly<Props>'.
src/app/Scenes/Inbox/Screens/Conversation.tsx(176,11): error TS2322: Type 'null' is not assignable to type 'string | undefined'.
src/app/Scenes/InfiniteDiscovery/Components/InfiniteDiscoveryArtworkCard.tsx(191,13): error TS2322: Type '{ readonly " $fragmentSpreads": FragmentRefs<"ArtistListItem_artist">; } | null | undefined' is not assignable to type '_FragmentRefs<"ArtistListItem_artist">'.
  Type 'undefined' is not assignable to type '_FragmentRefs<"ArtistListItem_artist">'.
src/app/Scenes/MyAccount/Components/MyAccountFieldEditScreen.tsx(43,29): error TS2554: Expected 1 arguments, but got 0.
src/app/Scenes/MyAccount/Components/MyAccountFieldEditScreen.tsx(123,21): error TS2322: Type 'undefined' is not assignable to type 'AlertArgs'.
src/app/Scenes/MyBids/Components/Lot.tsx(18,36): error TS2339: Property 'children' does not exist on type 'Readonly<Props>'.
src/app/Scenes/MyCollection/MyCollectionArtworks.tsx(93,11): error TS2322: Type '{ contextScreenOwnerType: OwnerType; contextScreenOwnerId: any; contextScreenOwnerSlug: any; artwork: any; height: number; }' is not assignable to type 'IntrinsicAttributes & MappedFragmentProps<Pick<Omit<MyCollectionArtworkGridItemProps, "relay">, "artwork">> & { ...; }'.
  Property 'contextScreenOwnerType' does not exist on type 'IntrinsicAttributes & MappedFragmentProps<Pick<Omit<MyCollectionArtworkGridItemProps, "relay">, "artwork">> & { ...; }'.
src/app/Scenes/MyCollection/Screens/Artwork/MyCollectionArtwork.tsx(219,8): error TS2786: 'RetryErrorBoundary' cannot be used as a JSX component.
  Its type 'typeof RetryErrorBoundary' is not a valid JSX element type.
    Types of construct signatures are incompatible.
      Type 'new (props: RetryErrorBoundaryProps) => RetryErrorBoundary' is not assignable to type 'new (props: any) => Component<any, any, any>'.
        Construct signature return types 'RetryErrorBoundary' and 'Component<any, any, any>' are incompatible.
          The types returned by 'render()' are incompatible between these types.
            Type 'string | number | bigint | boolean | Element | Iterable<ReactNode> | Promise<ReactNode> | null | undefined' is not assignable to type 'ReactNode'.
              Type 'Promise<ReactNode>' is not assignable to type 'ReactNode'.
                Type 'Promise<ReactNode>' is not assignable to type 'Promise<AwaitedReactNode>'.
                  Type 'ReactNode' is not assignable to type 'AwaitedReactNode'.
                    Type 'Promise<AwaitedReactNode>' is not assignable to type 'AwaitedReactNode'.
src/app/Scenes/MyCollection/Screens/Insights/CareerHighlightBottomSheet.tsx(91,6): error TS7006: Parameter 'props' implicitly has an 'any' type.
src/app/Scenes/MyCollection/Screens/Insights/CareerHighlightBottomSheet.tsx(97,6): error TS7006: Parameter 'props' implicitly has an 'any' type.
src/app/Scenes/MyCollection/Screens/Insights/MedianSalePriceAtAuction.tsx(156,6): error TS7006: Parameter 'newArtistID' implicitly has an 'any' type.
src/app/Scenes/MyCollection/Screens/MyCollectionAddCollectedArtists/MyCollectionAddCollectedArtists.tsx(37,30): error TS2322: Type '() => null' is not assignable to type 'ReactNode'.
src/app/Scenes/MyProfile/Components/UserAccountHeader/UserAccountHeader.tsx(64,8): error TS2322: Type '{ children: Element; showBorder: boolean | undefined; scrollEnabled: boolean; }' is not assignable to type 'IntrinsicAttributes & { showBorder?: boolean | undefined; scrollEnabled?: boolean | undefined; }'.
  Property 'children' does not exist on type 'IntrinsicAttributes & { showBorder?: boolean | undefined; scrollEnabled?: boolean | undefined; }'.
src/app/Scenes/MyProfile/Components/UserAccountHeader/UserAccountHeader.tsx(258,6): error TS2322: Type '{ children: Element[]; showBorder: boolean | undefined; }' is not assignable to type 'IntrinsicAttributes & { showBorder?: boolean | undefined; scrollEnabled?: boolean | undefined; }'.
  Property 'children' does not exist on type 'IntrinsicAttributes & { showBorder?: boolean | undefined; scrollEnabled?: boolean | undefined; }'.
src/app/Scenes/MyProfile/Components/UserAccountHeader/UserAccountHeader.tsx(282,9): error TS2339: Property 'children' does not exist on type '{ showBorder?: boolean | undefined; scrollEnabled?: boolean | undefined; }'.
src/app/Scenes/MyProfile/LoggedInUserInfo.tsx(45,17): error TS2322: Type '{ me: { readonly " $fragmentSpreads": FragmentRefs<"LoggedInUserInfo_me">; } | null | undefined; }' is not assignable to type 'MappedFragmentProps<Pick<Omit<UserProfileProps, "relay">, "me">>'.
  Types of property 'me' are incompatible.
    Type '{ readonly " $fragmentSpreads": FragmentRefs<"LoggedInUserInfo_me">; } | null | undefined' is not assignable to type '_FragmentRefs<"LoggedInUserInfo_me">'.
      Type 'undefined' is not assignable to type '_FragmentRefs<"LoggedInUserInfo_me">'.
src/app/Scenes/MyProfile/MyProfilePayment.tsx(231,37): error TS2322: Type '{ readonly " $fragmentSpreads": FragmentRefs<"MyProfilePayment_me">; } | null | undefined' is not assignable to type '_FragmentRefs<"MyProfilePayment_me">'.
  Type 'undefined' is not assignable to type '_FragmentRefs<"MyProfilePayment_me">'.
src/app/Scenes/Onboarding/Auth2/hooks/useInputAutofocus.tsx(33,7): error TS2322: Type 'number' is not assignable to type 'Timeout'.
src/app/Scenes/Onboarding/OnboardingCreateAccount/OnboardingCreateAccount.tsx(201,43): error TS2339: Property 'children' does not exist on type 'OnboardingCreateAccountScreenWrapperProps'.
src/app/Scenes/Onboarding/OnboardingCreateAccount/OnboardingCreateAccountEmail.tsx(27,6): error TS2322: Type '{ children: Element; onBackButtonPress: () => void; title: string; }' is not assignable to type 'IntrinsicAttributes & OnboardingCreateAccountScreenWrapperProps'.
  Property 'children' does not exist on type 'IntrinsicAttributes & OnboardingCreateAccountScreenWrapperProps'.
src/app/Scenes/Onboarding/OnboardingCreateAccount/OnboardingCreateAccountName.tsx(28,6): error TS2322: Type '{ children: Element[]; onBackButtonPress: () => void; title: string; caption: string; }' is not assignable to type 'IntrinsicAttributes & OnboardingCreateAccountScreenWrapperProps'.
  Property 'children' does not exist on type 'IntrinsicAttributes & OnboardingCreateAccountScreenWrapperProps'.
src/app/Scenes/Onboarding/OnboardingCreateAccount/OnboardingCreateAccountPassword.tsx(22,6): error TS2322: Type '{ children: Element; onBackButtonPress: () => void; title: string; caption: string; }' is not assignable to type 'IntrinsicAttributes & OnboardingCreateAccountScreenWrapperProps'.
  Property 'children' does not exist on type 'IntrinsicAttributes & OnboardingCreateAccountScreenWrapperProps'.
src/app/Scenes/OrderHistory/__tests__/OrderHistoryRow.tests.tsx(40,40): error TS2322: Type '{ readonly " $fragmentSpreads": FragmentRefs<"OrderHistoryRow_order">; } | null | undefined' is not assignable to type '_FragmentRefs<"OrderHistoryRow_order">'.
  Type 'undefined' is not assignable to type '_FragmentRefs<"OrderHistoryRow_order">'.
src/app/Scenes/OrderHistory/OrderDetail/Components/OrderDetailBuyerProtection.tsx(22,6): error TS2322: Type '{ children: Element; variant: "default"; containerStyle: { px: 1; }; }' is not assignable to type 'IntrinsicAttributes & MessageProps'.
  Property 'children' does not exist on type 'IntrinsicAttributes & MessageProps'.
src/app/Scenes/OrderHistory/OrderDetails/__tests__/OrderDetailsPayment.tests.tsx(9,70): error TS2322: Type '{ readonly " $fragmentSpreads": FragmentRefs<"OrderDetailsPayment_order">; } | null | undefined' is not assignable to type '_FragmentRefs<"OrderDetailsPayment_order">'.
  Type 'undefined' is not assignable to type '_FragmentRefs<"OrderDetailsPayment_order">'.
src/app/Scenes/Sale/__tests__/Sale.tests.tsx(19,24): error TS2322: Type '() => null' is not assignable to type 'ReactNode'.
src/app/Scenes/Sale/Components/SaleActiveBids.tsx(50,63): error TS2322: Type '{ readonly saleArtwork: { readonly slug: string; } | null | undefined; readonly " $fragmentSpreads": FragmentRefs<"SaleActiveBidItem_lotStanding">; } | null | undefined' is not assignable to type '_FragmentRefs<"SaleActiveBidItem_lotStanding">'.
  Type 'undefined' is not assignable to type '_FragmentRefs<"SaleActiveBidItem_lotStanding">'.
src/app/Scenes/Sale/Components/SaleArtworkListItem.tsx(28,19): error TS2554: Expected 1 arguments, but got 0.
src/app/Scenes/SaleInfo/__tests__/SaleInfo.tests.tsx(10,53): error TS2322: Type '{ readonly " $fragmentSpreads": FragmentRefs<"SaleInfo_sale">; } | null | undefined' is not assignable to type '_FragmentRefs<"SaleInfo_sale">'.
  Type 'undefined' is not assignable to type '_FragmentRefs<"SaleInfo_sale">'.
src/app/Scenes/SaleInfo/__tests__/SaleInfo.tests.tsx(10,65): error TS2322: Type '{ readonly " $fragmentSpreads": FragmentRefs<"SaleInfo_me">; } | null | undefined' is not assignable to type '_FragmentRefs<"SaleInfo_me">'.
  Type 'undefined' is not assignable to type '_FragmentRefs<"SaleInfo_me">'.
src/app/Scenes/Sales/Sales.tsx(61,37): error TS2554: Expected 1 arguments, but got 0.
src/app/Scenes/Sales/Sales.tsx(63,38): error TS2554: Expected 1 arguments, but got 0.
src/app/Scenes/SavedSearchAlert/__tests__/CreateSavedSearchModal.tests.tsx(93,34): error TS2339: Property 'children' does not exist on type '{}'.
src/app/Scenes/SavedSearchAlert/__tests__/CreateSavedSearchModal.tests.tsx(128,10): error TS2559: Type '{ children: (string | Element)[]; }' has no properties in common with type 'IntrinsicAttributes'.
src/app/Scenes/SavedSearchAlert/screens/__tests__/ConfirmationScreen.tests.tsx(60,34): error TS2339: Property 'children' does not exist on type '{}'.
src/app/Scenes/SavedSearchAlert/screens/__tests__/ConfirmationScreen.tests.tsx(75,8): error TS2559: Type '{ children: Element; }' has no properties in common with type 'IntrinsicAttributes'.
src/app/Scenes/SavedSearchAlertsList/SavedSearchAlertsList.tsx(23,48): error TS2322: Type '{ readonly " $fragmentSpreads": FragmentRefs<"SavedSearchesList_me">; } | null | undefined' is not assignable to type '_FragmentRefs<"SavedSearchesList_me">'.
  Type 'undefined' is not assignable to type '_FragmentRefs<"SavedSearchesList_me">'.
src/app/Scenes/Search/__tests__/RecentSearches.tests.tsx(29,48): error TS2322: Type 'null' is not assignable to type 'InputRef'.
src/app/Scenes/SimilarToRecentlyViewed/__tests__/SimilarToRecentlyViewed.tests.tsx(9,28): error TS2559: Type '{ me: { readonly " $fragmentSpreads": FragmentRefs<"SimilarToRecentlyViewed_artworksConnection">; } | null | undefined; }' has no properties in common with type 'IntrinsicAttributes'.
src/app/utils/__legacy_do_not_use__navigator-ios-shim.tsx(78,30): error TS2322: Type '(ref: NavigationContainerRef<RootParamList> | null) => NavigationContainerRef<RootParamList> | null' is not assignable to type 'Ref<NavigationContainerRef<RootParamList>> | undefined'.
  Type '(ref: NavigationContainerRef<RootParamList> | null) => NavigationContainerRef<RootParamList> | null' is not assignable to type '(instance: NavigationContainerRef<RootParamList> | null) => void | (() => VoidOrUndefinedOnly)'.
    Type 'NavigationContainerRef<RootParamList> | null' is not assignable to type 'void | (() => VoidOrUndefinedOnly)'.
      Type 'null' is not assignable to type 'void | (() => VoidOrUndefinedOnly)'.
src/app/utils/ArtworkInquiry/ArtworkInquiryStore.tsx(70,40): error TS2558: Expected 2 type arguments, but got 1.
src/app/utils/ArtworkInquiry/ArtworkInquiryStore.tsx(76,46): error TS2322: Type 'Reducer<ArtworkInquiryContextState, ArtworkInquiryActions>' is not assignable to type 'ArtworkInquiryContextState'.
src/app/utils/flattenChildren.ts(11,42): error TS18046: 'child.props' is of type 'unknown'.
error Command failed with exit code 2.
info Visit https://yarnpkg.com/en/docs/cli/run for documentation about this command.
